TN:
SF:src\app\api\admin\members\route.ts
FN:5,revalidatePublicData
FN:25,validateMemberPayload
FN:38,GET
FN:46,POST
FN:57,PUT
FN:70,DELETE
FNF:6
FNH:6
FNDA:5,revalidatePublicData
FNDA:6,validateMemberPayload
FNDA:3,GET
FNDA:4,POST
FNDA:3,PUT
FNDA:4,DELETE
DA:1,1
DA:2,1
DA:3,1
DA:5,5
DA:7,5
DA:8,5
DA:10,5
DA:11,5
DA:12,5
DA:13,5
DA:15,5
DA:16,5
DA:25,6
DA:26,6
DA:27,6
DA:28,6
DA:29,6
DA:30,6
DA:31,6
DA:32,6
DA:33,6
DA:34,6
DA:35,6
DA:36,6
DA:38,3
DA:39,3
DA:40,3
DA:41,2
DA:42,3
DA:43,1
DA:44,1
DA:46,4
DA:47,4
DA:48,4
DA:49,4
DA:50,4
DA:51,2
DA:52,4
DA:53,2
DA:54,2
DA:55,2
DA:57,3
DA:58,3
DA:59,3
DA:60,3
DA:61,3
DA:62,2
DA:63,3
DA:64,1
DA:65,3
DA:66,1
DA:67,1
DA:68,1
DA:70,4
DA:71,4
DA:72,4
DA:73,4
DA:74,4
DA:75,3
DA:76,4
DA:77,2
DA:78,2
DA:79,2
LF:63
LH:63
BRDA:5,0,0,5
BRDA:25,1,0,6
BRDA:28,2,0,0
BRDA:29,3,0,0
BRDA:31,4,0,2
BRDA:31,5,0,4
BRDA:33,6,0,2
BRDA:34,7,0,2
BRDA:31,8,0,1
BRDA:38,9,0,3
BRDA:40,10,0,1
BRDA:40,11,0,2
BRDA:42,12,0,1
BRDA:46,13,0,4
BRDA:48,14,0,0
BRDA:50,15,0,2
BRDA:52,16,0,0
BRDA:52,17,0,2
BRDA:57,18,0,3
BRDA:59,19,0,0
BRDA:61,20,0,1
BRDA:61,21,0,2
BRDA:63,22,0,1
BRDA:65,23,0,0
BRDA:65,24,0,1
BRDA:70,25,0,4
BRDA:72,26,0,0
BRDA:74,27,0,1
BRDA:74,28,0,3
BRDA:76,29,0,1
BRDA:76,30,0,2
BRF:31
BRH:24
end_of_record
TN:
SF:src\app\api\admin\reservations\route.ts
FN:7,revalidatePublicData
FN:19,formatReservationDateTime
FN:25,GET
FN:83,DELETE
FNF:4
FNH:4
FNDA:3,revalidatePublicData
FNDA:1,formatReservationDateTime
FNDA:7,GET
FNDA:5,DELETE
DA:1,1
DA:2,1
DA:3,1
DA:4,1
DA:5,1
DA:7,3
DA:9,3
DA:11,3
DA:12,3
DA:13,3
DA:14,3
DA:16,3
DA:17,3
DA:19,1
DA:20,1
DA:21,1
DA:22,1
DA:23,1
DA:25,7
DA:26,7
DA:27,7
DA:29,6
DA:30,6
DA:31,6
DA:32,6
DA:34,6
DA:35,6
DA:36,6
DA:37,6
DA:39,7
DA:41,6
DA:42,7
DA:44,7
DA:45,5
DA:46,5
DA:47,5
DA:48,7
DA:50,7
DA:51,2
DA:52,2
DA:53,1
DA:54,1
DA:55,2
DA:57,2
DA:58,1
DA:59,1
DA:60,1
DA:61,1
DA:62,1
DA:63,1
DA:64,1
DA:65,1
DA:66,2
DA:68,2
DA:69,2
DA:70,2
DA:72,2
DA:73,2
DA:74,2
DA:75,2
DA:76,2
DA:77,2
DA:78,2
DA:80,3
DA:81,3
DA:83,5
DA:84,5
DA:85,5
DA:87,5
DA:88,5
DA:89,5
DA:91,4
DA:92,5
DA:94,3
DA:95,5
DA:97,3
DA:98,3
DA:99,3
DA:100,3
LF:79
LH:79
BRDA:7,0,0,3
BRDA:19,1,0,1
BRDA:21,2,0,0
BRDA:25,3,0,7
BRDA:27,4,0,1
BRDA:27,5,0,6
BRDA:39,6,0,1
BRDA:39,7,0,6
BRDA:42,8,0,1
BRDA:42,9,0,5
BRDA:44,10,0,0
BRDA:50,11,0,2
BRDA:68,12,0,1
BRDA:68,13,0,1
BRDA:70,14,0,1
BRDA:70,15,0,1
BRDA:78,16,0,3
BRDA:44,17,0,5
BRDA:45,18,0,0
BRDA:46,19,0,0
BRDA:48,20,0,5
BRDA:48,21,0,2
BRDA:48,22,0,3
BRDA:52,23,0,1
BRDA:53,24,0,0
BRDA:57,25,0,1
BRDA:58,26,0,0
BRDA:63,27,0,1
BRDA:83,28,0,5
BRDA:85,29,0,0
BRDA:89,30,0,1
BRDA:89,31,0,4
BRDA:92,32,0,1
BRDA:92,33,0,3
BRDA:95,34,0,0
BRDA:95,35,0,3
BRF:36
BRH:28
end_of_record
TN:
SF:src\app\api\reservations\route.ts
FN:6,revalidatePublicData
FN:18,POST
FNF:2
FNH:2
FNDA:5,revalidatePublicData
FNDA:14,POST
DA:1,1
DA:2,1
DA:3,1
DA:4,1
DA:6,5
DA:8,5
DA:10,5
DA:11,5
DA:12,5
DA:13,5
DA:15,5
DA:16,5
DA:18,14
DA:19,14
DA:20,14
DA:22,14
DA:23,4
DA:24,4
DA:26,10
DA:27,14
DA:29,9
DA:30,9
DA:31,9
DA:32,9
DA:33,9
DA:35,14
DA:36,1
DA:37,1
DA:39,14
DA:40,1
DA:41,1
DA:43,7
DA:44,7
DA:45,7
DA:46,7
DA:48,14
DA:49,1
DA:50,1
DA:52,6
DA:53,6
DA:54,6
DA:55,6
DA:56,6
DA:57,6
DA:59,14
DA:60,1
DA:61,1
DA:62,1
DA:63,1
DA:64,1
DA:65,1
DA:67,5
DA:68,5
DA:69,5
LF:54
LH:54
BRDA:6,0,0,5
BRDA:18,1,0,14
BRDA:22,2,0,4
BRDA:24,3,0,10
BRDA:27,4,0,1
BRDA:27,5,0,9
BRDA:35,6,0,8
BRDA:35,7,0,1
BRDA:37,8,0,8
BRDA:39,9,0,1
BRDA:41,10,0,7
BRDA:48,11,0,1
BRDA:50,12,0,6
BRDA:59,13,0,1
BRDA:65,14,0,5
BRF:15
BRH:15
end_of_record
TN:
SF:src\components\animated-section.tsx
FN:6,AnimatedSection
FNF:1
FNH:1
FNDA:7,AnimatedSection
DA:3,1
DA:6,1
DA:7,7
DA:8,7
DA:9,7
DA:10,7
DA:11,7
DA:12,7
DA:14,7
DA:15,7
DA:17,7
LF:11
LH:11
BRDA:6,0,0,7
BRF:1
BRH:1
end_of_record
TN:
SF:src\components\cookie-banner.tsx
FN:5,CookieBanner
FN:24,onClick
FNF:2
FNH:2
FNDA:27,CookieBanner
FNDA:3,onClick
DA:3,1
DA:5,1
DA:6,27
DA:8,27
DA:9,13
DA:10,13
DA:11,27
DA:13,27
DA:15,11
DA:16,11
DA:17,11
DA:20,11
DA:21,11
DA:22,11
DA:23,11
DA:24,11
DA:25,3
DA:26,3
DA:27,3
DA:28,11
DA:30,11
DA:31,11
DA:33,11
LF:23
LH:23
BRDA:5,0,0,27
BRDA:13,1,0,16
BRDA:13,2,0,11
BRDA:8,3,0,13
BRDA:24,4,0,3
BRF:5
BRH:5
end_of_record
TN:
SF:src\components\footer.tsx
FN:3,Footer
FNF:1
FNH:1
FNDA:12,Footer
DA:1,1
DA:3,1
DA:4,12
DA:5,12
DA:6,12
DA:7,12
DA:8,12
DA:9,12
DA:11,12
DA:12,12
DA:14,12
DA:15,12
DA:16,12
DA:17,12
DA:19,12
LF:15
LH:15
BRDA:3,0,0,12
BRF:1
BRH:1
end_of_record
TN:
SF:src\components\header.tsx
FN:13,Header
FN:16,isActive
FNF:2
FNH:2
FNDA:15,Header
FNDA:60,isActive
DA:3,1
DA:4,1
DA:6,1
DA:7,1
DA:8,1
DA:9,1
DA:10,1
DA:11,1
DA:13,1
DA:14,15
DA:16,15
DA:17,60
DA:18,15
DA:19,15
DA:21,60
DA:22,60
DA:24,15
DA:25,15
DA:26,15
DA:27,15
DA:29,15
DA:30,15
DA:31,15
DA:32,60
DA:33,60
DA:34,60
DA:35,60
DA:37,60
DA:38,60
DA:39,15
DA:40,15
DA:41,15
DA:42,15
DA:44,15
LF:34
LH:34
BRDA:13,0,0,15
BRDA:16,1,0,60
BRDA:17,2,0,15
BRDA:19,3,0,45
BRDA:21,4,0,41
BRDA:31,5,0,60
BRDA:35,6,0,15
BRDA:35,7,0,45
BRF:8
BRH:8
end_of_record
TN:
SF:src\components\member-card.tsx
FN:17,MemberCard
FNF:1
FNH:1
FNDA:25,MemberCard
DA:2,1
DA:3,1
DA:17,1
DA:18,25
DA:19,25
DA:20,25
DA:21,1
DA:22,1
DA:23,1
DA:24,1
DA:25,1
DA:26,1
DA:27,1
DA:28,1
DA:29,1
DA:30,1
DA:32,23
DA:34,25
DA:35,25
DA:36,25
DA:37,25
DA:38,25
DA:39,25
DA:41,25
DA:42,3
DA:43,3
DA:44,6
DA:45,6
DA:46,6
DA:47,3
DA:48,3
DA:50,25
DA:52,25
LF:33
LH:33
BRDA:17,0,0,25
BRDA:20,1,0,1
BRDA:30,2,0,23
BRDA:41,3,0,3
BRDA:43,4,0,6
BRF:5
BRH:5
end_of_record
TN:
SF:src\components\optimized-image.tsx
FN:20,OptimizedImage
FN:43,onLoad
FNF:2
FNH:2
FNDA:23,OptimizedImage
FNDA:2,onLoad
DA:3,1
DA:4,1
DA:7,1
DA:8,1
DA:20,1
DA:21,23
DA:22,23
DA:23,23
DA:24,23
DA:25,23
DA:26,23
DA:27,23
DA:28,23
DA:29,23
DA:31,23
DA:32,23
DA:33,23
DA:34,23
DA:35,23
DA:36,23
DA:37,23
DA:38,23
DA:39,23
DA:40,23
DA:41,23
DA:42,23
DA:43,23
DA:44,23
DA:45,23
DA:46,18
DA:47,18
DA:48,18
DA:49,18
DA:51,23
DA:53,23
LF:35
LH:35
BRDA:20,0,0,23
BRDA:38,1,0,18
BRDA:38,2,0,2
BRDA:45,3,0,18
BRDA:43,4,0,2
BRF:5
BRH:5
end_of_record
TN:
SF:src\components\play-card.tsx
FN:26,PlayCard
FNF:1
FNH:1
FNDA:23,PlayCard
DA:1,1
DA:3,1
DA:4,1
DA:26,1
DA:27,23
DA:28,23
DA:29,23
DA:30,23
DA:31,23
DA:32,23
DA:33,23
DA:34,23
DA:35,23
DA:36,23
DA:37,23
DA:39,23
DA:40,23
DA:41,23
DA:42,23
DA:43,23
DA:44,23
DA:45,23
DA:46,23
DA:47,23
DA:49,23
DA:50,18
DA:51,18
DA:52,6
DA:53,6
DA:54,6
DA:55,6
DA:56,6
DA:57,18
DA:58,18
DA:60,4
DA:63,23
DA:64,23
DA:65,23
DA:67,23
LF:39
LH:39
BRDA:26,0,0,23
BRDA:41,1,0,1
BRDA:49,2,0,18
BRDA:58,3,0,4
BRDA:60,4,0,2
BRDA:63,5,0,4
BRDA:63,6,0,3
BRDA:63,7,0,2
BRDA:63,8,0,1
BRDA:63,9,0,19
BRDA:37,10,0,12
BRDA:37,11,0,7
BRDA:37,12,0,5
BRDA:51,13,0,6
BRDA:54,14,0,5
BRDA:54,15,0,5
BRDA:55,16,0,5
BRDA:55,17,0,1
BRDA:60,18,0,3
BRF:19
BRH:19
end_of_record
TN:
SF:src\components\reservation-form.tsx
FN:9,ReservationForm
FN:12,handleSubmit
FNF:2
FNH:2
FNDA:43,ReservationForm
FNDA:9,handleSubmit
DA:3,1
DA:4,1
DA:9,1
DA:10,43
DA:12,43
DA:13,9
DA:14,9
DA:15,9
DA:17,9
DA:19,9
DA:20,9
DA:21,9
DA:22,9
DA:23,9
DA:24,9
DA:26,9
DA:27,9
DA:28,9
DA:29,9
DA:30,9
DA:32,9
DA:33,6
DA:34,6
DA:35,6
DA:36,6
DA:37,6
DA:38,6
DA:39,6
DA:41,3
DA:42,9
DA:43,9
DA:45,43
DA:46,3
DA:47,3
DA:48,3
DA:49,3
DA:50,3
DA:51,3
DA:53,3
DA:55,43
DA:56,6
DA:57,6
DA:58,6
DA:59,6
DA:60,6
DA:61,6
DA:63,6
DA:65,33
DA:66,33
DA:67,33
DA:68,33
DA:69,33
DA:71,33
DA:72,33
DA:73,33
DA:74,33
DA:75,33
DA:76,33
DA:77,33
DA:78,33
DA:79,33
DA:80,33
DA:81,33
DA:83,33
DA:84,33
DA:85,33
DA:86,33
DA:87,33
DA:88,33
DA:89,33
DA:90,33
DA:91,33
DA:92,33
DA:93,33
DA:94,33
DA:96,33
DA:97,33
DA:98,33
DA:99,33
DA:100,33
DA:101,33
DA:102,33
DA:103,33
DA:104,33
DA:105,33
DA:106,33
DA:107,33
DA:108,33
DA:109,33
DA:110,33
DA:111,33
DA:112,33
DA:113,33
DA:114,33
DA:115,33
DA:116,33
DA:117,33
DA:119,43
DA:120,43
DA:121,43
DA:122,3
DA:124,43
DA:126,43
LF:103
LH:103
BRDA:9,0,0,43
BRDA:45,1,0,3
BRDA:53,2,0,39
BRDA:55,3,0,6
BRDA:63,4,0,33
BRDA:119,5,0,9
BRDA:119,6,0,24
BRDA:121,7,0,3
BRDA:121,8,0,3
BRDA:12,9,0,9
BRDA:20,10,0,0
BRDA:21,11,0,0
BRDA:22,12,0,0
BRDA:32,13,0,6
BRDA:39,14,0,3
BRDA:42,15,0,1
BRF:16
BRH:13
end_of_record
TN:
SF:src\lib\admin-auth.ts
FN:3,requireAdmin
FNF:1
FNH:1
FNDA:6,requireAdmin
DA:1,1
DA:3,6
DA:4,6
DA:5,1
DA:6,1
DA:8,6
DA:10,6
DA:11,1
DA:12,1
DA:14,4
DA:15,4
DA:16,4
DA:18,4
DA:19,4
LF:14
LH:14
BRDA:3,0,0,6
BRDA:4,1,0,1
BRDA:6,2,0,5
BRDA:8,3,0,2
BRDA:10,4,0,1
BRDA:12,5,0,4
BRF:6
BRH:6
end_of_record
TN:
SF:src\lib\date-time.ts
FN:3,formatDateTime
FN:17,isPastEvent
FNF:2
FNH:2
FNDA:12,formatDateTime
FNDA:17,isPastEvent
DA:1,1
DA:3,1
DA:4,12
DA:6,12
DA:7,4
DA:8,4
DA:10,12
DA:11,2
DA:12,2
DA:14,6
DA:15,6
DA:17,1
DA:18,17
DA:19,17
DA:21,17
DA:22,3
DA:23,3
DA:25,14
DA:26,14
LF:19
LH:19
BRDA:3,0,0,12
BRDA:6,1,0,11
BRDA:6,2,0,4
BRDA:7,3,0,1
BRDA:7,4,0,3
BRDA:8,5,0,8
BRDA:10,6,0,2
BRDA:12,7,0,6
BRDA:17,8,0,17
BRDA:18,9,0,6
BRDA:18,10,0,11
BRDA:21,11,0,3
BRDA:23,12,0,14
BRF:13
BRH:13
end_of_record
TN:
SF:src\lib\format.ts
FN:1,toHourMinute
FN:6,formatRoles
FN:14,slugify
FN:26,formatDate
FN:35,formatDateTime
FNF:5
FNH:5
FNDA:16,toHourMinute
FNDA:34,formatRoles
FNDA:19,slugify
FNDA:17,formatDate
FNDA:4,formatDateTime
DA:1,1
DA:2,16
DA:3,15
DA:4,15
DA:6,1
DA:7,34
DA:9,34
DA:10,34
DA:11,3
DA:12,3
DA:14,1
DA:15,19
DA:16,19
DA:17,19
DA:18,19
DA:19,19
DA:20,19
DA:21,19
DA:22,19
DA:23,19
DA:24,19
DA:26,1
DA:27,17
DA:28,17
DA:29,17
DA:30,17
DA:32,17
DA:33,17
DA:35,1
DA:36,4
DA:38,4
DA:39,4
DA:40,4
DA:41,4
DA:42,4
DA:43,4
DA:44,4
DA:45,4
DA:47,4
DA:48,4
LF:40
LH:40
BRDA:1,0,0,16
BRDA:2,1,0,1
BRDA:2,2,0,15
BRDA:6,3,0,34
BRDA:9,4,0,29
BRDA:9,5,0,26
BRDA:9,6,0,4
BRDA:9,7,0,8
BRDA:10,8,0,5
BRDA:10,9,0,3
BRDA:7,10,0,49
BRDA:14,11,0,19
BRDA:26,12,0,17
BRDA:35,13,0,4
BRF:14
BRH:14
end_of_record
TN:
SF:src\lib\public-data.ts
FN:49,getPublicPlays
FN:80,getPublicMembers
FNF:2
FNH:2
FNDA:11,getPublicPlays
FNDA:9,getPublicMembers
DA:1,1
DA:49,11
DA:50,11
DA:51,11
DA:53,10
DA:54,10
DA:55,10
DA:56,10
DA:58,11
DA:60,8
DA:61,7
DA:62,7
DA:63,7
DA:64,7
DA:65,7
DA:66,7
DA:67,7
DA:68,7
DA:69,7
DA:70,7
DA:71,5
DA:72,5
DA:73,5
DA:74,7
DA:75,7
DA:76,7
DA:77,8
DA:78,8
DA:80,9
DA:81,9
DA:82,9
DA:84,8
DA:85,8
DA:86,8
DA:87,8
DA:89,8
DA:90,9
DA:91,9
DA:92,9
DA:93,9
DA:94,9
DA:95,6
DA:96,9
DA:98,9
DA:99,9
LF:45
LH:45
BRDA:49,0,0,11
BRDA:51,1,0,1
BRDA:51,2,0,10
BRDA:58,3,0,9
BRDA:58,4,0,2
BRDA:58,5,0,8
BRDA:60,6,0,7
BRDA:66,7,0,1
BRDA:69,8,0,1
BRDA:67,9,0,6
BRDA:68,10,0,5
BRDA:70,11,0,5
BRDA:72,12,0,2
BRDA:72,13,0,1
BRDA:72,14,0,3
BRDA:72,15,0,2
BRDA:73,16,0,2
BRDA:73,17,0,1
BRDA:73,18,0,3
BRDA:73,19,0,2
BRDA:75,20,0,5
BRDA:75,21,0,3
BRDA:76,22,0,3
BRDA:80,23,0,9
BRDA:82,24,0,1
BRDA:82,25,0,8
BRDA:90,26,0,1
BRDA:98,27,0,1
BRDA:90,28,0,9
BRDA:91,29,0,2
BRDA:91,30,0,1
BRDA:91,31,0,7
BRDA:91,32,0,6
BRDA:92,33,0,8
BRDA:92,34,0,3
BRDA:92,35,0,6
BRDA:93,36,0,5
BRDA:94,37,0,5
BRDA:94,38,0,6
BRDA:94,39,0,1
BRDA:98,40,0,7
BRDA:98,41,0,2
BRF:42
BRH:42
end_of_record
TN:
SF:src\lib\supabase.ts
FN:6,getSupabaseClient
FNF:1
FNH:1
FNDA:5,getSupabaseClient
DA:1,1
DA:3,1
DA:4,1
DA:6,1
DA:7,5
DA:8,3
DA:9,3
DA:11,2
DA:12,2
LF:9
LH:9
BRDA:6,0,0,5
BRDA:7,1,0,3
BRDA:7,2,0,3
BRDA:9,3,0,2
BRF:4
BRH:4
end_of_record
TN:
SF:src\lib\types.ts
FN:1,(empty-report)
FNF:1
FNH:1
FNDA:1,(empty-report)
LF:0
LH:0
BRDA:1,0,0,1
BRF:1
BRH:1
end_of_record
TN:
SF:src\lib\validation.ts
FNF:0
FNH:0
DA:1,1
DA:3,1
DA:4,1
DA:5,1
DA:6,1
DA:7,1
DA:8,1
LF:7
LH:7
BRF:0
BRH:0
end_of_record
TN:
SF:src\lib\xlsx.ts
FN:3,crc32
FN:12,xmlEscape
FN:16,columnName
FN:27,buildSheetXml
FN:37,zipStore
FN:96,buildXlsx
FNF:6
FNH:6
FNDA:182,crc32
FNDA:304,xmlEscape
FNDA:285,columnName
FNDA:19,buildSheetXml
FNDA:18,zipStore
FNDA:18,buildXlsx
DA:3,182
DA:4,182
DA:5,182
DA:6,109698
DA:7,109698
DA:8,109698
DA:9,182
DA:10,182
DA:12,304
DA:13,304
DA:14,304
DA:16,285
DA:17,285
DA:18,285
DA:19,285
DA:20,295
DA:21,295
DA:22,295
DA:23,295
DA:24,285
DA:25,285
DA:27,19
DA:28,19
DA:29,135
DA:30,135
DA:31,19
DA:33,19
DA:34,19
DA:35,19
DA:37,18
DA:38,18
DA:39,18
DA:40,18
DA:41,18
DA:43,18
DA:44,91
DA:45,91
DA:46,91
DA:47,91
DA:48,91
DA:49,91
DA:50,91
DA:51,91
DA:52,91
DA:53,91
DA:54,91
DA:55,91
DA:56,91
DA:57,91
DA:58,91
DA:60,91
DA:61,91
DA:62,91
DA:63,91
DA:64,91
DA:65,91
DA:66,91
DA:67,91
DA:68,91
DA:69,91
DA:70,91
DA:71,91
DA:73,91
DA:74,18
DA:76,18
DA:77,18
DA:78,18
DA:79,18
DA:80,18
DA:81,18
DA:82,18
DA:83,18
DA:85,18
DA:86,18
DA:87,18
DA:88,18
DA:89,200
DA:90,200
DA:91,18
DA:93,18
DA:94,18
DA:96,1
DA:97,18
DA:98,18
DA:99,18
DA:101,18
DA:102,18
DA:103,18
DA:104,18
DA:105,18
DA:106,18
DA:107,18
DA:109,18
DA:110,18
LF:94
LH:94
BRDA:3,0,0,182
BRDA:5,1,0,109698
BRDA:7,2,0,877584
BRDA:12,3,0,304
BRDA:16,4,0,285
BRDA:19,5,0,295
BRDA:27,6,0,19
BRDA:28,7,0,135
BRDA:29,8,0,285
BRDA:37,9,0,18
BRDA:43,10,0,91
BRDA:76,11,0,91
BRDA:88,12,0,200
BRDA:96,13,0,18
BRDA:97,14,0,19
BRDA:98,15,0,19
BRDA:99,16,0,19
BRDA:106,17,0,19
BRF:18
BRH:18
end_of_record
